<?xml version="1.0" encoding="UTF-8"?>
<!-- Generated by org.testng.reporters.JUnitXMLReporter -->
<testsuite ignored="0" hostname="IN-LYQPY64XJ9" failures="0" tests="5" name="DAZN Test Execution" time="36.221" errors="0" timestamp="2025-07-30T16:45:18 IST">
  <testcase classname="testCases.AppLoginCases" name="testLaunchApp" time="31.195"/>
  <testcase classname="testCases.AppLoginCases" name="email" time="0.602"/>
  <testcase classname="testCases.AppLoginCases" name="continueButton" time="0.425"/>
  <testcase classname="testCases.AppLoginCases" name="password" time="3.364"/>
  <testcase classname="testCases.AppLoginCases" name="sign" time="0.599"/>
</testsuite> <!-- DAZN Test Execution -->
