<?xml version="1.0" encoding="UTF-8"?>
<testng-results ignored="0" total="5" passed="5" failed="0" skipped="0">
  <reporter-output>
  </reporter-output>
  <suite started-at="2025-07-30T16:44:42 IST" name="DAZN_Automation_Suite" finished-at="2025-07-30T16:45:18 IST" duration-ms="36221">
    <groups>
    </groups>
    <test started-at="2025-07-30T16:44:42 IST" name="DAZN Test Execution" finished-at="2025-07-30T16:45:18 IST" duration-ms="36221">
      <class name="testCases.AppLoginCases">
        <test-method is-config="true" signature="globalSetup()[pri:0, instance:testCases.AppLoginCases@5876a9af]" started-at="2025-07-30T16:44:35 IST" name="globalSetup" finished-at="2025-07-30T16:44:42 IST" duration-ms="6812" status="PASS">
          <reporter-output>
          </reporter-output>
        </test-method> <!-- globalSetup -->
        <test-method is-config="true" signature="setupPage()[pri:0, instance:testCases.AppLoginCases@5876a9af]" started-at="2025-07-30T16:44:42 IST" name="setupPage" finished-at="2025-07-30T16:44:42 IST" duration-ms="14" status="PASS">
          <reporter-output>
          </reporter-output>
        </test-method> <!-- setupPage -->
        <test-method signature="testLaunchApp()[pri:1, instance:testCases.AppLoginCases@5876a9af]" started-at="2025-07-30T16:44:42 IST" name="testLaunchApp" finished-at="2025-07-30T16:45:13 IST" duration-ms="31195" status="PASS">
          <reporter-output>
          </reporter-output>
        </test-method> <!-- testLaunchApp -->
        <test-method signature="email()[pri:2, instance:testCases.AppLoginCases@5876a9af]" started-at="2025-07-30T16:45:13 IST" name="email" finished-at="2025-07-30T16:45:14 IST" duration-ms="602" status="PASS">
          <reporter-output>
          </reporter-output>
        </test-method> <!-- email -->
        <test-method signature="continueButton()[pri:3, instance:testCases.AppLoginCases@5876a9af]" started-at="2025-07-30T16:45:14 IST" name="continueButton" finished-at="2025-07-30T16:45:14 IST" duration-ms="425" status="PASS">
          <reporter-output>
          </reporter-output>
        </test-method> <!-- continueButton -->
        <test-method signature="password()[pri:4, instance:testCases.AppLoginCases@5876a9af]" started-at="2025-07-30T16:45:14 IST" name="password" finished-at="2025-07-30T16:45:17 IST" duration-ms="3364" status="PASS">
          <reporter-output>
          </reporter-output>
        </test-method> <!-- password -->
        <test-method signature="sign()[pri:5, instance:testCases.AppLoginCases@5876a9af]" started-at="2025-07-30T16:45:17 IST" name="sign" finished-at="2025-07-30T16:45:18 IST" duration-ms="599" status="PASS">
          <reporter-output>
          </reporter-output>
        </test-method> <!-- sign -->
        <test-method is-config="true" signature="globalTearDown()[pri:0, instance:testCases.AppLoginCases@5876a9af]" started-at="2025-07-30T16:45:18 IST" name="globalTearDown" finished-at="2025-07-30T16:45:19 IST" duration-ms="800" status="PASS">
          <reporter-output>
          </reporter-output>
        </test-method> <!-- globalTearDown -->
      </class> <!-- testCases.AppLoginCases -->
    </test> <!-- DAZN Test Execution -->
  </suite> <!-- DAZN_Automation_Suite -->
</testng-results>
