<?xml version="1.0" encoding="UTF-8"?>
<testsuite xmlns:xsi="http://www.w3.org/2001/XMLSchema-instance" xsi:noNamespaceSchemaLocation="https://maven.apache.org/surefire/maven-surefire-plugin/xsd/surefire-test-report.xsd" name="TestSuite" time="44.073" tests="5" errors="0" skipped="0" failures="0">
  <properties>
[...]
</properties>
  <testcase name="testLaunchApp" classname="testCases.AppLoginCases" time="31.196"/>
  <testcase name="email" classname="testCases.AppLoginCases" time="0.601"/>
  <testcase name="continueButton" classname="testCases.AppLoginCases" time="0.425"/>
  <testcase name="password" classname="testCases.AppLoginCases" time="3.364"/>
  <testcase name="sign" classname="testCases.AppLoginCases" time="0.599"/>
</testsuite>